<?xml version="1.0" encoding="UTF-8"?>
<testng-results ignored="0" total="1" passed="1" failed="0" skipped="0">
  <reporter-output>
  </reporter-output>
  <suite started-at="2022-08-24T14:22:45 IST" name="Default suite" finished-at="2022-08-24T14:22:55 IST" duration-ms="10727">
    <groups>
    </groups>
    <test started-at="2022-08-24T14:22:45 IST" name="Default test" finished-at="2022-08-24T14:22:55 IST" duration-ms="10727">
      <class name="testclass.VerifyProfileName">
        <test-method is-config="true" signature="login()[pri:0, instance:testclass.VerifyProfileName@383bfa16]" started-at="2022-08-24T14:22:45 IST" name="login" finished-at="2022-08-24T14:22:50 IST" duration-ms="5841" status="PASS">
          <reporter-output>
          </reporter-output>
        </test-method> <!-- login -->
        <test-method is-config="true" signature="PreCondition()[pri:0, instance:testclass.VerifyProfileName@383bfa16]" started-at="2022-08-24T14:22:50 IST" name="PreCondition" finished-at="2022-08-24T14:22:52 IST" duration-ms="1765" status="PASS">
          <reporter-output>
          </reporter-output>
        </test-method> <!-- PreCondition -->
        <test-method signature="VProfileName()[pri:0, instance:testclass.VerifyProfileName@383bfa16]" started-at="2022-08-24T14:22:52 IST" name="VProfileName" finished-at="2022-08-24T14:22:54 IST" duration-ms="1533" status="PASS">
          <reporter-output>
          </reporter-output>
        </test-method> <!-- VProfileName -->
        <test-method is-config="true" signature="logout(org.testng.ITestResult)[pri:0, instance:testclass.VerifyProfileName@383bfa16]" started-at="2022-08-24T14:22:54 IST" name="logout" finished-at="2022-08-24T14:22:55 IST" duration-ms="1321" status="PASS">
          <params>
            <param index="0">
              <value>
                <![CDATA[[TestResult name=VProfileName status=SUCCESS method=VerifyProfileName.VProfileName()[pri:0, instance:testclass.VerifyProfileName@383bfa16] output={null}]]]>
              </value>
            </param>
          </params>
          <reporter-output>
          </reporter-output>
        </test-method> <!-- logout -->
        <test-method is-config="true" signature="closeBrowser()[pri:0, instance:testclass.VerifyProfileName@383bfa16]" started-at="2022-08-24T14:22:55 IST" name="closeBrowser" finished-at="2022-08-24T14:22:55 IST" duration-ms="218" status="PASS">
          <reporter-output>
          </reporter-output>
        </test-method> <!-- closeBrowser -->
      </class> <!-- testclass.VerifyProfileName -->
    </test> <!-- Default test -->
  </suite> <!-- Default suite -->
</testng-results>
